Arguments: 
  C:\Program Files\nodejs\node.exe C:\Users\Montanha\AppData\Roaming\npm\node_modules\yarn\bin\yarn.js add firebase

PATH: 
  C:\Program Files\PostgreSQL\13\bin;C:\Program Files\nodejs\;C:\Program Files\Git\cmd;C:\Program Files\Git\mingw64\bin;C:\Program Files\Git\bin\;C:\Program Files\PostgreSQL\13\bin;C:\Users\Montanha\AppData\Roaming\npm;C:\Program Files\Git\bin;

Yarn version: 
  1.22.11

Node version: 
  14.16.0

Platform: 
  win32 x64

Trace: 
  Error: getaddrinfo ENOTFOUND registry.yarnpkg.com
      at GetAddrInfoReqWrap.onlookup [as oncomplete] (dns.js:67:26)

npm manifest: 
  {
    "name": "VendiApi",
    "version": "1.0.0",
    "main": "index.js",
    "license": "MIT",
    "scripts": {
      "start": "node -r sucrase/register ./src/server.js",
      "dev": "nodemon ./src/server.js",
      "dev:server": "heroku local -f Procfile.dev",
      "dev:webpack": "webpack --watch --config webpack.dev.js --mode development"
    },
    "dependencies": {
      "bcrypt": "^5.0.1",
      "cors": "^2.8.5",
      "express": "^4.17.1",
      "jsonwebtoken": "^8.5.1",
      "multer": "^1.4.3",
      "nodemailer": "^6.6.3",
      "pg": "^8.7.1",
      "sequelize": "^6.6.5",
      "sequelize-cli": "^6.2.0",
      "sucrase": "^3.16.0"
    },
    "devDependencies": {
      "nodemon": "^2.0.7",
      "sequelize-cli": "^6.2.0"
    }
  }

yarn manifest: 
  No manifest

Lockfile: 
  No lockfile
